#
# A fatal error has been detected by the Java Runtime Environment:
#
#  SIGSEGV (0xb) at pc=0x00007f0515069a3a, pid=12526, tid=0x00007f04a36e3700
#
# JRE version: Java(TM) SE Runtime Environment (8.0_112-b15) (build 1.8.0_112-b15)
# Java VM: Java HotSpot(TM) 64-Bit Server VM (25.112-b15 mixed mode linux-amd64 compressed oops)
# Problematic frame:
# v  ~BufferBlob::jni_fast_GetLongField
#
# Failed to write core dump. Core dumps have been disabled. To enable core dumping, try "ulimit -c unlimited" before starting Java again
#
# If you would like to submit a bug report, please visit:
#   http://bugreport.java.com/bugreport/crash.jsp
# The crash happened outside the Java Virtual Machine in native code.
# See problematic frame for where to report the bug.
#

---------------  T H R E A D  ---------------

Current thread (0x00007f04ac4bb800):  JavaThread "AWT-XAWT" daemon [_thread_in_native, id=12594, stack(0x00007f04a35e3000,0x00007f04a36e4000)]

siginfo: si_signo: 11 (SIGSEGV), si_code: 1 (SEGV_MAPERR), si_addr: 0x0000000000000000

Registers:
RAX=0x00007f052a4ccf60, RBX=0x00007f04ac4bb9f8, RCX=0x00007f052af322c0, RDX=0x0000000000000042
RSP=0x00007f04a36e2508, RBP=0x00007f04a36e2530, RSI=0x0000000000000000, RDI=0x00007f04ac4bb9f8
R8 =0x0000000086990f98, R9 =0x0000000000000000, R10=0x0000000000000214, R11=0x0000000020001b4b
R12=0x00007f048c00e900, R13=0x0000000000000000, R14=0x00007f04ba62c7e0, R15=0x00007f04ac4bb800
RIP=0x00007f0515069a3a, EFLAGS=0x0000000000010246, CSGSFS=0x002b000000000033, ERR=0x0000000000000004
  TRAPNO=0x000000000000000e

Top of Stack: (sp=0x00007f04a36e2508)
0x00007f04a36e2508:   00007f04ba40aee1 00007f04a36e2610
0x00007f04a36e2518:   00007f048c00e900 00007f0515e02b64
0x00007f04a36e2528:   00007f04a36e25b0 0000000000000008
0x00007f04a36e2538:   00007f04e8130420 00007f04a36e2610
0x00007f04a36e2548:   00007f04a36e2570 0000000000000000
0x00007f04a36e2558:   00007f04e8127f33 00007f0515e02b64
0x00007f04a36e2568:   00007f04ba40411f 00007f04a36e25c0
0x00007f04a36e2578:   00007f0515e6d1b6 00000000e4e1ad80
0x00007f04a36e2588:   00000000e4e1ade0 00000000e5570260
0x00007f04a36e2598:   00000000e5570298 0000000000000001
0x00007f04a36e25a8:   00000000e4e1ade0 0000000086b6d588
0x00007f04a36e25b8:   0000000000000206 000000010000da58
0x00007f04a36e25c8:   00007f05155fea6c e4e1ad80869c1c40
0x00007f04a36e25d8:   e4e1ad8000000000 00000000e4e21050
0x00007f04a36e25e8:   00000000e55456f0 0000000000000000
0x00007f04a36e25f8:   00000000e4e1ad80 0000000000000000
0x00007f04a36e2608:   0000000000000000 0000000000000001
0x00007f04a36e2618:   0000000000000000 00007f04a36e2680
0x00007f04a36e2628:   00007f05150082bd deaddeaf00000000
0x00007f04a36e2638:   00000000e4e21050 00007f04a36e2640
0x00007f04a36e2648:   00007f04a3b40c45 00007f04a36e2690
0x00007f04a36e2658:   00007f04a3b49d08 0000000000000000
0x00007f04a36e2668:   00007f04a3b40c50 00007f04a36e2630
0x00007f04a36e2678:   00007f04a36e2690 00007f04a36e26d8
0x00007f04a36e2688:   00007f0515008302 00000000e4e21050
0x00007f04a36e2698:   00007f04a36e2698 00007f050782d4ab
0x00007f04a36e26a8:   00007f04a36e26e8 00007f05078b3f90
0x00007f04a36e26b8:   0000000000000000 00007f050782d4b8
0x00007f04a36e26c8:   00007f04a36e2690 00007f04a36e26e8
0x00007f04a36e26d8:   00007f04a36e2750 00007f05150007a7
0x00007f04a36e26e8:   00000000e4e34778 00007f0400001fa0
0x00007f04a36e26f8:   00007f04ac4b3660 00007f04ac4bb800 

Instructions: (pc=0x00007f0515069a3a)
0x00007f0515069a1a:   00 00 00 00 00 00 44 8b 15 c1 2f 4a 15 4c 8b ce
0x00007f0515069a2a:   41 f6 c2 01 0f 85 2e 00 00 00 4d 33 ca 4d 33 ca
0x00007f0515069a3a:   4d 8b 09 4c 8b da 49 c1 eb 02 4b 8b 04 19 49 bb
0x00007f0515069a4a:   e8 c9 50 2a 05 7f 00 00 4c 33 d8 4c 33 d8 45 3b 

Register to memory mapping:

RAX=0x00007f052a4ccf60: <offset 0xf85f60> in /usr/java/jdk1.8.0_112/jre/lib/amd64/server/libjvm.so at 0x00007f0529547000
RBX=0x00007f04ac4bb9f8 is an unknown value
RCX=0x00007f052af322c0: <offset 0x2192c0> in /lib64/libpthread.so.0 at 0x00007f052ad19000
RDX=0x0000000000000042 is an unknown value
RSP=0x00007f04a36e2508 is pointing into the stack for thread: 0x00007f04ac4bb800
RBP=0x00007f04a36e2530 is pointing into the stack for thread: 0x00007f04ac4bb800
RSI=0x0000000000000000 is an unknown value
RDI=0x00007f04ac4bb9f8 is an unknown value
R8 =0x0000000086990f98 is an oop
sun.util.logging.PlatformLogger$Level 
 - klass: 'sun/util/logging/PlatformLogger$Level'
R9 =0x0000000000000000 is an unknown value
R10=0x0000000000000214 is an unknown value
R11=0x0000000020001b4b is an unknown value
R12=0x00007f048c00e900 is an unknown value
R13=0x0000000000000000 is an unknown value
R14=0x00007f04ba62c7e0: <offset 0x2587e0> in /usr/java/jdk1.8.0_112/jre/lib/amd64/libawt_xawt.so at 0x00007f04ba3d4000
R15=0x00007f04ac4bb800 is a thread


Stack: [0x00007f04a35e3000,0x00007f04a36e4000],  sp=0x00007f04a36e2508,  free space=1021k
Native frames: (J=compiled Java code, j=interpreted, Vv=VM code, C=native code)
v  ~BufferBlob::jni_fast_GetLongField
C  [libX11.so.6+0x68420]  _XimServerDestroy+0x70

Java frames: (J=compiled Java code, j=interpreted, Vv=VM code)
J 6727  sun.awt.X11.XlibWrapper.XFilterEvent(JJ)Z (0 bytes) @ 0x00007f0515e6d144 [0x00007f0515e6d100+0x44]
J 6722% C2 sun.awt.X11.XToolkit.run(Z)V (410 bytes) @ 0x00007f05155fea6c [0x00007f05155fdec0+0xbac]
j  sun.awt.X11.XToolkit.run()V+5
j  java.lang.Thread.run()V+11
v  ~StubRoutines::call_stub

---------------  P R O C E S S  ---------------

Java Threads: ( => current thread )
=>0x00007f04ac4bb800 JavaThread "AWT-XAWT" daemon [_thread_in_native, id=12594, stack(0x00007f04a35e3000,0x00007f04a36e4000)]
  0x00007f04ac2cf800 JavaThread "Prism Font Disposer" daemon [_thread_blocked, id=12568, stack(0x00007f04b9273000,0x00007f04b9374000)]
  0x00007f04ac0a2000 JavaThread "Java2D Disposer" daemon [_thread_blocked, id=12566, stack(0x00007f04ba2d3000,0x00007f04ba3d4000)]
  0x00007f04c40fb800 JavaThread "JavaFX Application Thread" [_thread_in_native, id=12563, stack(0x00007f04ba8ff000,0x00007f04baa00000)]
  0x00007f04c40f7800 JavaThread "Thread-2" daemon [_thread_blocked, id=12562, stack(0x00007f04baa00000,0x00007f04bab01000)]
  0x00007f04c4049000 JavaThread "QuantumRenderer-0" daemon [_thread_in_native, id=12558, stack(0x00007f0505cf7000,0x00007f0505df8000)]
  0x00007f0524270800 JavaThread "JavaFX-Launcher" [_thread_blocked, id=12557, stack(0x00007f0505df8000,0x00007f0505ef9000)]
  0x00007f05241bc000 JavaThread "Monitor Ctrl-Break" daemon [_thread_in_native, id=12556, stack(0x00007f05061d6000,0x00007f05062d7000)]
  0x00007f05240bf800 JavaThread "Service Thread" daemon [_thread_blocked, id=12554, stack(0x00007f05066ad000,0x00007f05067ae000)]
  0x00007f05240bc800 JavaThread "C1 CompilerThread2" daemon [_thread_blocked, id=12553, stack(0x00007f05067ae000,0x00007f05068af000)]
  0x00007f05240ba800 JavaThread "C2 CompilerThread1" daemon [_thread_blocked, id=12552, stack(0x00007f05068af000,0x00007f05069b0000)]
  0x00007f05240b7800 JavaThread "C2 CompilerThread0" daemon [_thread_blocked, id=12551, stack(0x00007f05069b0000,0x00007f0506ab1000)]
  0x00007f05240b6000 JavaThread "Signal Dispatcher" daemon [_thread_in_native, id=12550, stack(0x00007f0506ab1000,0x00007f0506bb2000)]
  0x00007f0524083800 JavaThread "Finalizer" daemon [_thread_blocked, id=12543, stack(0x00007f0506bb2000,0x00007f0506cb3000)]
  0x00007f052407f000 JavaThread "Reference Handler" daemon [_thread_blocked, id=12542, stack(0x00007f0506cb3000,0x00007f0506db4000)]
  0x00007f0524009000 JavaThread "main" [_thread_blocked, id=12528, stack(0x00007f052b031000,0x00007f052b132000)]

Other Threads:
  0x00007f0524077000 VMThread [stack: 0x00007f0506db4000,0x00007f0506eb5000] [id=12540]
  0x00007f05240c2800 WatcherThread [stack: 0x00007f05065ac000,0x00007f05066ad000] [id=12555]

VM state:not at safepoint (normal execution)

VM Mutex/Monitor currently owned by a thread: None

Heap:
 PSYoungGen      total 410112K, used 273996K [0x00000000d7780000, 0x00000000ffc80000, 0x0000000100000000)
  eden space 399360K, 68% used [0x00000000d7780000,0x00000000e8313128,0x00000000efd80000)
  from space 10752K, 0% used [0x00000000efd80000,0x00000000efd80000,0x00000000f0800000)
  to   space 10752K, 0% used [0x00000000ff200000,0x00000000ff200000,0x00000000ffc80000)
 ParOldGen       total 53760K, used 8009K [0x0000000086600000, 0x0000000089a80000, 0x00000000d7780000)
  object space 53760K, 14% used [0x0000000086600000,0x0000000086dd25f8,0x0000000089a80000)
 Metaspace       used 32678K, capacity 34640K, committed 34944K, reserved 1079296K
  class space    used 4300K, capacity 4680K, committed 4736K, reserved 1048576K

Card table byte_map: [0x00007f0528041000,0x00007f052840f000] byte_map_base: 0x00007f0527c0e000

Marking Bits: (ParMarkBitMap*) 0x00007f052a50bc80
 Begin Bits: [0x00007f050c330000, 0x00007f050e198000)
 End Bits:   [0x00007f050e198000, 0x00007f0510000000)

Polling page: 0x00007f052b159000

CodeCache: size=245760Kb used=20020Kb max_used=20347Kb free=225739Kb
 bounds [0x00007f0515000000, 0x00007f05163f0000, 0x00007f0524000000]
 total_blobs=6728 nmethods=5832 adapters=807
 compilation: enabled

Compilation events (10 events):
Event: 142154.319 Thread 0x00007f05240ba800 6915       4       com.sun.javafx.sg.prism.NGNode::clearDirtyTree (84 bytes)
Event: 142154.324 Thread 0x00007f05240ba800 nmethod 6915 0x00007f05159d36d0 code [0x00007f05159d3860, 0x00007f05159d3b48]
Event: 142156.327 Thread 0x00007f05240bc800 6916       3       com.sun.prism.impl.ps.BaseShaderContext::validatePaintOp (19 bytes)
Event: 142156.327 Thread 0x00007f05240bc800 nmethod 6916 0x00007f05160cbc50 code [0x00007f05160cbdc0, 0x00007f05160cbfc8]
Event: 142156.995 Thread 0x00007f05240bc800 6917  s    3       java.util.Vector::toArray (12 bytes)
Event: 142156.996 Thread 0x00007f05240bc800 nmethod 6917 0x00007f05160cb590 code [0x00007f05160cb700, 0x00007f05160cbb08]
Event: 142157.082 Thread 0x00007f05240bc800 6918   !   3       sun.awt.X11.XToolkit$1::dispatchEvent (34 bytes)
Event: 142157.084 Thread 0x00007f05240bc800 nmethod 6918 0x00007f05160c7690 code [0x00007f05160c78e0, 0x00007f05160c86f8]
Event: 142157.084 Thread 0x00007f05240bc800 6919       3       sun.awt.X11.XMSelection$1::dispatchEvent (10 bytes)
Event: 142157.085 Thread 0x00007f05240bc800 nmethod 6919 0x00007f05160cac90 code [0x00007f05160cae40, 0x00007f05160cb298]

GC Heap History (10 events):
Event: 4.570 GC heap before
{Heap before GC invocations=8 (full 0):
 PSYoungGen      total 134144K, used 125604K [0x00000000d7780000, 0x00000000e7f80000, 0x0000000100000000)
  eden space 124928K, 100% used [0x00000000d7780000,0x00000000df180000,0x00000000df180000)
  from space 9216K, 7% used [0x00000000df180000,0x00000000df229010,0x00000000dfa80000)
  to   space 10240K, 0% used [0x00000000e7580000,0x00000000e7580000,0x00000000e7f80000)
 ParOldGen       total 83456K, used 10778K [0x0000000086600000, 0x000000008b780000, 0x00000000d7780000)
  object space 83456K, 12% used [0x0000000086600000,0x0000000087086b80,0x000000008b780000)
 Metaspace       used 18705K, capacity 19456K, committed 19584K, reserved 1067008K
  class space    used 2680K, capacity 2918K, committed 2944K, reserved 1048576K
Event: 4.572 GC heap after
Heap after GC invocations=8 (full 0):
 PSYoungGen      total 259584K, used 552K [0x00000000d7780000, 0x00000000e8080000, 0x0000000100000000)
  eden space 249344K, 0% used [0x00000000d7780000,0x00000000d7780000,0x00000000e6b00000)
  from space 10240K, 5% used [0x00000000e7580000,0x00000000e760a020,0x00000000e7f80000)
  to   space 10752K, 0% used [0x00000000e6b00000,0x00000000e6b00000,0x00000000e7580000)
 ParOldGen       total 83456K, used 11062K [0x0000000086600000, 0x000000008b780000, 0x00000000d7780000)
  object space 83456K, 13% used [0x0000000086600000,0x00000000870cdb90,0x000000008b780000)
 Metaspace       used 18705K, capacity 19456K, committed 19584K, reserved 1067008K
  class space    used 2680K, capacity 2918K, committed 2944K, reserved 1048576K
}
Event: 5.113 GC heap before
{Heap before GC invocations=9 (full 0):
 PSYoungGen      total 259584K, used 249896K [0x00000000d7780000, 0x00000000e8080000, 0x0000000100000000)
  eden space 249344K, 100% used [0x00000000d7780000,0x00000000e6b00000,0x00000000e6b00000)
  from space 10240K, 5% used [0x00000000e7580000,0x00000000e760a020,0x00000000e7f80000)
  to   space 10752K, 0% used [0x00000000e6b00000,0x00000000e6b00000,0x00000000e7580000)
 ParOldGen       total 83456K, used 11062K [0x0000000086600000, 0x000000008b780000, 0x00000000d7780000)
  object space 83456K, 13% used [0x0000000086600000,0x00000000870cdb90,0x000000008b780000)
 Metaspace       used 19240K, capacity 20042K, committed 20224K, reserved 1067008K
  class space    used 2767K, capacity 3007K, committed 3072K, reserved 1048576K
Event: 5.115 GC heap after
Heap after GC invocations=9 (full 0):
 PSYoungGen      total 260096K, used 1176K [0x00000000d7780000, 0x00000000f1280000, 0x0000000100000000)
  eden space 249344K, 0% used [0x00000000d7780000,0x00000000d7780000,0x00000000e6b00000)
  from space 10752K, 10% used [0x00000000e6b00000,0x00000000e6c260b0,0x00000000e7580000)
  to   space 10752K, 0% used [0x00000000f0800000,0x00000000f0800000,0x00000000f1280000)
 ParOldGen       total 83456K, used 11102K [0x0000000086600000, 0x000000008b780000, 0x00000000d7780000)
  object space 83456K, 13% used [0x0000000086600000,0x00000000870d7b90,0x000000008b780000)
 Metaspace       used 19240K, capacity 20042K, committed 20224K, reserved 1067008K
  class space    used 2767K, capacity 3007K, committed 3072K, reserved 1048576K
}
Event: 5.560 GC heap before
{Heap before GC invocations=10 (full 0):
 PSYoungGen      total 260096K, used 250520K [0x00000000d7780000, 0x00000000f1280000, 0x0000000100000000)
  eden space 249344K, 100% used [0x00000000d7780000,0x00000000e6b00000,0x00000000e6b00000)
  from space 10752K, 10% used [0x00000000e6b00000,0x00000000e6c260b0,0x00000000e7580000)
  to   space 10752K, 0% used [0x00000000f0800000,0x00000000f0800000,0x00000000f1280000)
 ParOldGen       total 83456K, used 11102K [0x0000000086600000, 0x000000008b780000, 0x00000000d7780000)
  object space 83456K, 13% used [0x0000000086600000,0x00000000870d7b90,0x000000008b780000)
 Metaspace       used 19539K, capacity 20370K, committed 20480K, reserved 1067008K
  class space    used 2824K, capacity 3057K, committed 3072K, reserved 1048576K
Event: 5.563 GC heap after
Heap after GC invocations=10 (full 0):
 PSYoungGen      total 410112K, used 726K [0x00000000d7780000, 0x00000000f1280000, 0x0000000100000000)
  eden space 399360K, 0% used [0x00000000d7780000,0x00000000d7780000,0x00000000efd80000)
  from space 10752K, 6% used [0x00000000f0800000,0x00000000f08b5b00,0x00000000f1280000)
  to   space 10752K, 0% used [0x00000000efd80000,0x00000000efd80000,0x00000000f0800000)
 ParOldGen       total 83456K, used 11510K [0x0000000086600000, 0x000000008b780000, 0x00000000d7780000)
  object space 83456K, 13% used [0x0000000086600000,0x000000008713dbb0,0x000000008b780000)
 Metaspace       used 19539K, capacity 20370K, committed 20480K, reserved 1067008K
  class space    used 2824K, capacity 3057K, committed 3072K, reserved 1048576K
}
Event: 6.392 GC heap before
{Heap before GC invocations=11 (full 0):
 PSYoungGen      total 410112K, used 372057K [0x00000000d7780000, 0x00000000f1280000, 0x0000000100000000)
  eden space 399360K, 92% used [0x00000000d7780000,0x00000000ee220bb0,0x00000000efd80000)
  from space 10752K, 6% used [0x00000000f0800000,0x00000000f08b5b00,0x00000000f1280000)
  to   space 10752K, 0% used [0x00000000efd80000,0x00000000efd80000,0x00000000f0800000)
 ParOldGen       total 83456K, used 11510K [0x0000000086600000, 0x000000008b780000, 0x00000000d7780000)
  object space 83456K, 13% used [0x0000000086600000,0x000000008713dbb0,0x000000008b780000)
 Metaspace       used 20355K, capacity 21198K, committed 21296K, reserved 1067008K
  class space    used 2925K, capacity 3137K, committed 3200K, reserved 1048576K
Event: 6.396 GC heap after
Heap after GC invocations=11 (full 0):
 PSYoungGen      total 410112K, used 983K [0x00000000d7780000, 0x00000000ffc80000, 0x0000000100000000)
  eden space 399360K, 0% used [0x00000000d7780000,0x00000000d7780000,0x00000000efd80000)
  from space 10752K, 9% used [0x00000000efd80000,0x00000000efe75fb8,0x00000000f0800000)
  to   space 10752K, 0% used [0x00000000ff200000,0x00000000ff200000,0x00000000ffc80000)
 ParOldGen       total 83456K, used 12038K [0x0000000086600000, 0x000000008b780000, 0x00000000d7780000)
  object space 83456K, 14% used [0x0000000086600000,0x00000000871c1bb0,0x000000008b780000)
 Metaspace       used 20355K, capacity 21198K, committed 21296K, reserved 1067008K
  class space    used 2925K, capacity 3137K, committed 3200K, reserved 1048576K
}
Event: 6.396 GC heap before
{Heap before GC invocations=12 (full 1):
 PSYoungGen      total 410112K, used 983K [0x00000000d7780000, 0x00000000ffc80000, 0x0000000100000000)
  eden space 399360K, 0% used [0x00000000d7780000,0x00000000d7780000,0x00000000efd80000)
  from space 10752K, 9% used [0x00000000efd80000,0x00000000efe75fb8,0x00000000f0800000)
  to   space 10752K, 0% used [0x00000000ff200000,0x00000000ff200000,0x00000000ffc80000)
 ParOldGen       total 83456K, used 12038K [0x0000000086600000, 0x000000008b780000, 0x00000000d7780000)
  object space 83456K, 14% used [0x0000000086600000,0x00000000871c1bb0,0x000000008b780000)
 Metaspace       used 20355K, capacity 21198K, committed 21296K, reserved 1067008K
  class space    used 2925K, capacity 3137K, committed 3200K, reserved 1048576K
Event: 6.437 GC heap after
Heap after GC invocations=12 (full 1):
 PSYoungGen      total 410112K, used 0K [0x00000000d7780000, 0x00000000ffc80000, 0x0000000100000000)
  eden space 399360K, 0% used [0x00000000d7780000,0x00000000d7780000,0x00000000efd80000)
  from space 10752K, 0% used [0x00000000efd80000,0x00000000efd80000,0x00000000f0800000)
  to   space 10752K, 0% used [0x00000000ff200000,0x00000000ff200000,0x00000000ffc80000)
 ParOldGen       total 53760K, used 8009K [0x0000000086600000, 0x0000000089a80000, 0x00000000d7780000)
  object space 53760K, 14% used [0x0000000086600000,0x0000000086dd25f8,0x0000000089a80000)
 Metaspace       used 20355K, capacity 21198K, committed 21296K, reserved 1067008K
  class space    used 2925K, capacity 3137K, committed 3200K, reserved 1048576K
}

Deoptimization events (10 events):
Event: 536.185 Thread 0x00007f04c40fb800 Uncommon trap: reason=unstable_if action=reinterpret pc=0x00007f0515340d40 method=java.util.Collections.unmodifiableList(Ljava/util/List;)Ljava/util/List; @ 4
Event: 536.185 Thread 0x00007f04c40fb800 Uncommon trap: reason=bimorphic action=maybe_recompile pc=0x00007f0515a35210 method=java.util.Collections$UnmodifiableCollection$1.hasNext()Z @ 4
Event: 536.185 Thread 0x00007f04c40fb800 Uncommon trap: reason=bimorphic action=maybe_recompile pc=0x00007f0515a37584 method=java.util.Collections$UnmodifiableCollection$1.next()Ljava/lang/Object; @ 4
Event: 536.185 Thread 0x00007f04c40fb800 Uncommon trap: reason=bimorphic action=maybe_recompile pc=0x00007f0515a35210 method=java.util.Collections$UnmodifiableCollection$1.hasNext()Z @ 4
Event: 536.186 Thread 0x00007f04c40fb800 Uncommon trap: reason=bimorphic action=maybe_recompile pc=0x00007f0515a35210 method=java.util.Collections$UnmodifiableCollection$1.hasNext()Z @ 4
Event: 536.186 Thread 0x00007f04c40fb800 Uncommon trap: reason=bimorphic action=maybe_recompile pc=0x00007f0515a37584 method=java.util.Collections$UnmodifiableCollection$1.next()Ljava/lang/Object; @ 4
Event: 536.186 Thread 0x00007f04c40fb800 Uncommon trap: reason=bimorphic action=maybe_recompile pc=0x00007f0515a35210 method=java.util.Collections$UnmodifiableCollection$1.hasNext()Z @ 4
Event: 536.197 Thread 0x00007f04c40fb800 Uncommon trap: reason=unstable_if action=reinterpret pc=0x00007f05163be228 method=com.sun.javafx.tk.quantum.QuantumToolkit.postPulse()V @ 37
Event: 536.624 Thread 0x00007f04c40fb800 Uncommon trap: reason=bimorphic action=maybe_recompile pc=0x00007f0515a37584 method=java.util.Collections$UnmodifiableCollection$1.next()Ljava/lang/Object; @ 4
Event: 536.678 Thread 0x00007f04c40fb800 Uncommon trap: reason=bimorphic action=maybe_recompile pc=0x00007f0515a37584 method=java.util.Collections$UnmodifiableCollection$1.next()Ljava/lang/Object; @ 4

Internal exceptions (10 events):
Event: 67.692 Thread 0x00007f04c40fb800 Implicit null exception at 0x00007f0515ebfa69 to 0x00007f0515ec9019
Event: 67.692 Thread 0x00007f04c40fb800 Implicit null exception at 0x00007f0516120d10 to 0x00007f05161290e5
Event: 67.714 Thread 0x00007f04c40fb800 Implicit null exception at 0x00007f0515f0b94d to 0x00007f0515f0c925
Event: 68.676 Thread 0x00007f04c40fb800 Exception <a 'java/io/FileNotFoundException'> (0x00000000e299ef08) thrown at [/HUDSON3/workspace/8-2-build-linux-amd64/jdk8u112/7884/hotspot/src/share/vm/prims/jni.cpp, line 709]
Event: 68.682 Thread 0x00007f04c40fb800 Implicit null exception at 0x00007f0515e9a685 to 0x00007f0515e9ee0d
Event: 86.376 Thread 0x00007f04c40fb800 Implicit null exception at 0x00007f0515e96707 to 0x00007f0515e96759
Event: 86.376 Thread 0x00007f04c40fb800 Implicit null exception at 0x00007f05154ed220 to 0x00007f05154edab9
Event: 101.231 Thread 0x00007f04c40fb800 Implicit null exception at 0x00007f0515331fb5 to 0x00007f0515332365
Event: 101.232 Thread 0x00007f04c40fb800 Implicit null exception at 0x00007f0515223876 to 0x00007f0515223c31
Event: 101.387 Thread 0x00007f04ac55c000 Exception <a 'java/lang/UnsupportedOperationException': > (0x00000000e5d23ef0) thrown at [/HUDSON3/workspace/8-2-build-linux-amd64/jdk8u112/7884/hotspot/src/share/vm/prims/jni.cpp, line 735]

Events (10 events):
Event: 142131.299 loading class sun/text/CompactByteArray
Event: 142131.300 Thread 0x00007f05240bc800 flushing nmethod 0x00007f05162a2f90
Event: 142131.315 loading class sun/text/CompactByteArray done
Event: 142131.315 loading class sun/text/SupplementaryCharacterData
Event: 142131.315 loading class sun/text/SupplementaryCharacterData done
Event: 142131.315 loading class java/text/BreakIterator$BreakIteratorCache
Event: 142131.315 loading class java/text/BreakIterator$BreakIteratorCache done
Event: 142131.315 loading class java/text/StringCharacterIterator
Event: 142131.316 loading class java/text/StringCharacterIterator done
Event: 143977.024 loading class sun/misc/Signal$1


Dynamic libraries:
00400000-00401000 r-xp 00000000 08:05 271651                             /usr/java/jdk1.8.0_112/bin/java
00600000-00601000 rw-p 00000000 08:05 271651                             /usr/java/jdk1.8.0_112/bin/java
01918000-01939000 rw-p 00000000 00:00 0                                  [heap]
86600000-89a80000 rw-p 00000000 00:00 0 
89a80000-d7780000 ---p 00000000 00:00 0 
d7780000-ffc80000 rw-p 00000000 00:00 0 
ffc80000-100000000 ---p 00000000 00:00 0 
100000000-1004a0000 rw-p 00000000 00:00 0 
1004a0000-140000000 ---p 00000000 00:00 0 
7f048c000000-7f048c021000 rw-p 00000000 00:00 0 
7f048c021000-7f0490000000 ---p 00000000 00:00 0 
7f0494000000-7f0494021000 rw-p 00000000 00:00 0 
7f0494021000-7f0498000000 ---p 00000000 00:00 0 
7f0498000000-7f0498021000 rw-p 00000000 00:00 0 
7f0498021000-7f049c000000 ---p 00000000 00:00 0 
7f049c000000-7f049c029000 rw-p 00000000 00:00 0 
7f049c029000-7f04a0000000 ---p 00000000 00:00 0 
7f04a2a4f000-7f04a2bcf000 rw-p 00000000 00:00 0 
7f04a2bcf000-7f04a2c52000 ---p 00000000 00:00 0 
7f04a2c52000-7f04a2d50000 rw-p 00000000 00:00 0 
7f04a2d50000-7f04a2d53000 ---p 00000000 00:00 0 
7f04a2d53000-7f04a2e51000 rw-p 00000000 00:00 0 
7f04a2e51000-7f04a2eba000 r-xp 00000000 08:05 271836                     /usr/java/jdk1.8.0_112/jre/lib/amd64/libt2k.so
7f04a2eba000-7f04a30ba000 ---p 00069000 08:05 271836                     /usr/java/jdk1.8.0_112/jre/lib/amd64/libt2k.so
7f04a30ba000-7f04a30c1000 rw-p 00069000 08:05 271836                     /usr/java/jdk1.8.0_112/jre/lib/amd64/libt2k.so
7f04a30c1000-7f04a30d1000 rw-p 00000000 00:00 0 
7f04a30d1000-7f04a30e2000 r-xp 00000000 08:05 271825                     /usr/java/jdk1.8.0_112/jre/lib/amd64/libnio.so
7f04a30e2000-7f04a32e1000 ---p 00011000 08:05 271825                     /usr/java/jdk1.8.0_112/jre/lib/amd64/libnio.so
7f04a32e1000-7f04a32e2000 rw-p 00010000 08:05 271825                     /usr/java/jdk1.8.0_112/jre/lib/amd64/libnio.so
7f04a32e2000-7f04a32e5000 ---p 00000000 00:00 0 
7f04a32e5000-7f04a35e3000 rw-p 00000000 00:00 0 
7f04a35e3000-7f04a35e6000 ---p 00000000 00:00 0 
7f04a35e6000-7f04a36e4000 rw-p 00000000 00:00 0 
7f04a36e4000-7f04a36fc000 rw-s 00000000 00:05 188964                     /drm mm object (deleted)
7f04a36fc000-7f04a3724000 rw-s 00000000 00:05 189737                     /drm mm object (deleted)
7f04a3724000-7f04a3744000 rw-s 00000000 00:05 189756                     /drm mm object (deleted)
7f04a3744000-7f04a376c000 rw-s 00000000 00:05 188882                     /drm mm object (deleted)
7f04a376c000-7f04a3794000 rw-s 00000000 00:05 190513                     /drm mm object (deleted)
7f04a3794000-7f04a3994000 rw-s 00000000 00:05 30933004                   /SYSV00000000 (deleted)
7f04a3994000-7f04a3b94000 rw-p 00000000 00:00 0 
7f04a3b94000-7f04a3d54000 rw-s 00000000 00:05 188629                     /drm mm object (deleted)
7f04a3d54000-7f04a3f54000 rw-p 00000000 00:00 0 
7f04a3f54000-7f04a4000000 r--p 00000000 08:05 787578                     /usr/share/fonts/dejavu/DejaVuSans-Bold.ttf
7f04a4000000-7f04a4021000 rw-p 00000000 00:00 0 
7f04a4021000-7f04a8000000 ---p 00000000 00:00 0 
7f04a8000000-7f04a8021000 rw-p 00000000 00:00 0 
7f04a8021000-7f04ac000000 ---p 00000000 00:00 0 
7f04ac000000-7f04ac6c2000 rw-p 00000000 00:00 0 
7f04ac6c2000-7f04b0000000 ---p 00000000 00:00 0 
7f04b0000000-7f04b0021000 rw-p 00000000 00:00 0 
7f04b0021000-7f04b4000000 ---p 00000000 00:00 0 
7f04b4000000-7f04b4021000 rw-p 00000000 00:00 0 
7f04b4021000-7f04b8000000 ---p 00000000 00:00 0 
7f04b800d000-7f04b805d000 rw-s 00000000 00:05 189629                     /drm mm object (deleted)
7f04b805d000-7f04b8068000 r--s 0021a000 08:05 536721                     /usr/java/jdk1.8.0_112/jre/lib/ext/localedata.jar
7f04b8068000-7f04b808b000 r--s 0038e000 08:05 536665                     /usr/java/jdk1.8.0_112/jre/lib/ext/cldrdata.jar
7f04b809f000-7f04b80a7000 rw-s 00000000 00:05 188891                     /drm mm object (deleted)
7f04b80b7000-7f04b80c7000 rw-s 00000000 00:05 760332                     /drm mm object (deleted)
7f04b80c7000-7f04b80cf000 rw-s 00000000 00:05 760331                     /drm mm object (deleted)
7f04b80cf000-7f04b80e3000 rw-s 00000000 00:05 188775                     /drm mm object (deleted)
7f04b80e3000-7f04b80f3000 rw-s 00000000 00:05 187229                     /drm mm object (deleted)
7f04b80f3000-7f04b82f3000 rw-p 00000000 00:00 0 
7f04b82f3000-7f04b8303000 rw-s 00000000 00:05 753238                     /drm mm object (deleted)
7f04b8303000-7f04b8313000 rw-s 00000000 00:05 188546                     /drm mm object (deleted)
7f04b8313000-7f04b8323000 rw-s 00000000 00:05 187530                     /drm mm object (deleted)
7f04b8323000-7f04b8333000 rw-s 00000000 00:05 187527                     /drm mm object (deleted)
7f04b8333000-7f04b8343000 rw-s 00000000 00:05 187250                     /drm mm object (deleted)
7f04b8343000-7f04b8353000 rw-s 10a941000 00:06 1732                      /dev/dri/card0
7f04b8353000-7f04b8356000 ---p 00000000 00:00 0 
7f04b8356000-7f04b8454000 rw-p 00000000 00:00 0 
7f04b8454000-7f04b8464000 rw-s 00000000 00:05 188568                     /drm mm object (deleted)
7f04b8464000-7f04b846c000 rw-s 00000000 00:05 187177                     /drm mm object (deleted)
7f04b846c000-7f04b866c000 rw-p 00000000 00:00 0 
7f04b866c000-7f04b87f9000 r--p 00000000 08:05 787603                     /usr/share/fonts/gnu-free/FreeSans.ttf
7f04b87f9000-7f04b89f9000 rw-p 00000000 00:00 0 
7f04b89f9000-7f04b8bf9000 rw-p 00000000 00:00 0 
7f04b8bf9000-7f04b8c21000 rw-s 00000000 00:05 188478                     /drm mm object (deleted)
7f04b8c21000-7f04b8de1000 rw-s 00000000 00:05 188473                     /drm mm object (deleted)
7f04b8de1000-7f04b8de9000 rw-s 00000000 00:05 757789                     /drm mm object (deleted)
7f04b8de9000-7f04b8e11000 rw-s 00000000 00:05 188469                     /drm mm object (deleted)
7f04b8e11000-7f04b8fd1000 rw-s 10a64f000 00:06 1732                      /dev/dri/card0
7f04b8fd1000-7f04b8fe1000 rw-s 00000000 00:05 187176                     /drm mm object (deleted)
7f04b8fe1000-7f04b8fe9000 rw-s 00000000 00:05 188463                     /drm mm object (deleted)
7f04b8fe9000-7f04b9049000 rw-s 00000000 00:05 188461                     /drm mm object (deleted)
7f04b9049000-7f04b9057000 rw-s 00000000 00:05 188460                     /drm mm object (deleted)
7f04b9057000-7f04b9067000 rw-s 00000000 00:05 188459                     /drm mm object (deleted)
7f04b9067000-7f04b9073000 rw-s 00000000 00:05 187128                     /drm mm object (deleted)
7f04b9073000-7f04b9273000 rw-p 00000000 00:00 0 
7f04b9273000-7f04b9276000 ---p 00000000 00:00 0 
7f04b9276000-7f04b9374000 rw-p 00000000 00:00 0 
7f04b9374000-7f04b942d000 r--p 00000000 08:05 787582                     /usr/share/fonts/dejavu/DejaVuSans.ttf
7f04b942d000-7f04b9467000 r--p 00000000 08:05 536683                     /usr/java/jdk1.8.0_112/jre/lib/fonts/LucidaTypewriterBold.ttf
7f04b9467000-7f04b94b5000 r--p 00000000 08:05 536681                     /usr/java/jdk1.8.0_112/jre/lib/fonts/LucidaSansDemiBold.ttf
7f04b94b5000-7f04b950a000 r--p 00000000 08:05 536680                     /usr/java/jdk1.8.0_112/jre/lib/fonts/LucidaBrightRegular.ttf
7f04b950a000-7f04b951d000 r--p 00000000 08:05 536677                     /usr/java/jdk1.8.0_112/jre/lib/fonts/LucidaBrightDemiBold.ttf
7f04b951d000-7f04b9530000 r--p 00000000 08:05 536678                     /usr/java/jdk1.8.0_112/jre/lib/fonts/LucidaBrightDemiItalic.ttf
7f04b9530000-7f04b956c000 r--p 00000000 08:05 536684                     /usr/java/jdk1.8.0_112/jre/lib/fonts/LucidaTypewriterRegular.ttf
7f04b956c000-7f04b9580000 r--p 00000000 08:05 536679                     /usr/java/jdk1.8.0_112/jre/lib/fonts/LucidaBrightItalic.ttf
7f04b9580000-7f04b962b000 r--p 00000000 08:05 536682                     /usr/java/jdk1.8.0_112/jre/lib/fonts/LucidaSansRegular.ttf
7f04b962b000-7f04b962f000 r-xp 00000000 08:05 271807                     /usr/java/jdk1.8.0_112/jre/lib/amd64/libjavafx_font_pango.so
7f04b962f000-7f04b982e000 ---p 00004000 08:05 271807                     /usr/java/jdk1.8.0_112/jre/lib/amd64/libjavafx_font_pango.so
7f04b982e000-7f04b982f000 rw-p 00003000 08:05 271807                     /usr/java/jdk1.8.0_112/jre/lib/amd64/libjavafx_font_pango.so
7f04b982f000-7f04b9834000 r--s 00097000 08:05 271939                     /usr/java/jdk1.8.0_112/jre/lib/jsse.jar
7f04b9834000-7f04b983a000 r--s 0003e000 08:05 271916                     /usr/java/jdk1.8.0_112/jre/lib/jfr.jar
7f04b983a000-7f04b9845000 r--s 00000000 08:05 1446158                    /var/cache/fontconfig/b79f3aaa7d385a141ab53ec885cc22a8-le64.cache-7
7f04b9845000-7f04b9852000 r--s 00000000 08:05 1453712                    /var/cache/fontconfig/8cf84b531759d4484556eb8586bc5925-le64.cache-7
7f04b9852000-7f04b9857000 r-xp 00000000 08:05 271806                     /usr/java/jdk1.8.0_112/jre/lib/amd64/libjavafx_font_freetype.so
7f04b9857000-7f04b9a56000 ---p 00005000 08:05 271806                     /usr/java/jdk1.8.0_112/jre/lib/amd64/libjavafx_font_freetype.so
7f04b9a56000-7f04b9a57000 rw-p 00004000 08:05 271806                     /usr/java/jdk1.8.0_112/jre/lib/amd64/libjavafx_font_freetype.so
7f04b9a57000-7f04b9c57000 rw-p 00000000 00:00 0 
7f04b9c57000-7f04b9c5a000 r-xp 00000000 08:05 271805                     /usr/java/jdk1.8.0_112/jre/lib/amd64/libjavafx_font.so
7f04b9c5a000-7f04b9e59000 ---p 00003000 08:05 271805                     /usr/java/jdk1.8.0_112/jre/lib/amd64/libjavafx_font.so
7f04b9e59000-7f04b9e5a000 rw-p 00002000 08:05 271805                     /usr/java/jdk1.8.0_112/jre/lib/amd64/libjavafx_font.so
7f04b9e5a000-7f04b9ebf000 r-xp 00000000 08:05 271793                     /usr/java/jdk1.8.0_112/jre/lib/amd64/libfontmanager.so
7f04b9ebf000-7f04ba0be000 ---p 00065000 08:05 271793                     /usr/java/jdk1.8.0_112/jre/lib/amd64/libfontmanager.so
7f04ba0be000-7f04ba0c3000 rw-p 00064000 08:05 271793                     /usr/java/jdk1.8.0_112/jre/lib/amd64/libfontmanager.so
7f04ba0c3000-7f04ba2d3000 rw-p 00000000 00:00 0 
7f04ba2d3000-7f04ba2d6000 ---p 00000000 00:00 0 
7f04ba2d6000-7f04ba3d4000 rw-p 00000000 00:00 0 
7f04ba3d4000-7f04ba428000 r-xp 00000000 08:05 271787                     /usr/java/jdk1.8.0_112/jre/lib/amd64/libawt_xawt.so
7f04ba428000-7f04ba628000 ---p 00054000 08:05 271787                     /usr/java/jdk1.8.0_112/jre/lib/amd64/libawt_xawt.so
7f04ba628000-7f04ba62c000 rw-p 00054000 08:05 271787                     /usr/java/jdk1.8.0_112/jre/lib/amd64/libawt_xawt.so
7f04ba62c000-7f04ba62d000 rw-p 00000000 00:00 0 
7f04ba62d000-7f04ba6cf000 r-xp 00000000 08:05 271785                     /usr/java/jdk1.8.0_112/jre/lib/amd64/libawt.so
7f04ba6cf000-7f04ba8cf000 ---p 000a2000 08:05 271785                     /usr/java/jdk1.8.0_112/jre/lib/amd64/libawt.so
7f04ba8cf000-7f04ba8db000 rw-p 000a2000 08:05 271785                     /usr/java/jdk1.8.0_112/jre/lib/amd64/libawt.so
7f04ba8db000-7f04ba8ff000 rw-p 00000000 00:00 0 
7f04ba8ff000-7f04ba902000 ---p 00000000 00:00 0 
7f04ba902000-7f04baa00000 rw-p 00000000 00:00 0 
7f04baa00000-7f04baa03000 ---p 00000000 00:00 0 
7f04baa03000-7f04bab01000 rw-p 00000000 00:00 0 
7f04bab01000-7f04bab03000 r-xp 00000000 08:05 3156505                    /usr/lib64/libfreebl3.so
7f04bab03000-7f04bad02000 ---p 00002000 08:05 3156505                    /usr/lib64/libfreebl3.so
7f04bad02000-7f04bad03000 r--p 00001000 08:05 3156505                    /usr/lib64/libfreebl3.so
7f04bad03000-7f04bad04000 rw-p 00002000 08:05 3156505                    /usr/lib64/libfreebl3.so
7f04bad04000-7f04bad0b000 r-xp 00000000 08:05 3157455                    /usr/lib64/libcrypt-nss-2.24.so
7f04bad0b000-7f04baf0a000 ---p 00007000 08:05 3157455                    /usr/lib64/libcrypt-nss-2.24.so
7f04baf0a000-7f04baf0b000 r--p 00006000 08:05 3157455                    /usr/lib64/libcrypt-nss-2.24.so
7f04baf0b000-7f04baf0c000 rw-p 00007000 08:05 3157455                    /usr/lib64/libcrypt-nss-2.24.so
7f04baf0c000-7f04baf3a000 rw-p 00000000 00:00 0 
7f04baf3a000-7f04baf40000 r-xp 00000000 08:05 3155289                    /usr/lib64/libogg.so.0.8.2
7f04baf40000-7f04bb13f000 ---p 00006000 08:05 3155289                    /usr/lib64/libogg.so.0.8.2
7f04bb13f000-7f04bb140000 r--p 00005000 08:05 3155289                    /usr/lib64/libogg.so.0.8.2
7f04bb140000-7f04bb141000 rw-p 00000000 00:00 0 
7f04bb141000-7f04bb16c000 r-xp 00000000 08:05 3155571                    /usr/lib64/libvorbis.so.0.4.7
7f04bb16c000-7f04bb36b000 ---p 0002b000 08:05 3155571                    /usr/lib64/libvorbis.so.0.4.7
7f04bb36b000-7f04bb36c000 r--p 0002a000 08:05 3155571                    /usr/lib64/libvorbis.so.0.4.7
7f04bb36c000-7f04bb36d000 rw-p 00000000 00:00 0 
7f04bb36d000-7f04bb376000 r-xp 00000000 08:05 3155288                    /usr/lib64/libltdl.so.7.3.1
7f04bb376000-7f04bb575000 ---p 00009000 08:05 3155288                    /usr/lib64/libltdl.so.7.3.1
7f04bb575000-7f04bb576000 r--p 00008000 08:05 3155288                    /usr/lib64/libltdl.so.7.3.1
7f04bb576000-7f04bb577000 rw-p 00009000 08:05 3155288                    /usr/lib64/libltdl.so.7.3.1
7f04bb577000-7f04bb58c000 r-xp 00000000 08:05 3154210                    /usr/lib64/libtdb.so.1.3.11
7f04bb58c000-7f04bb78b000 ---p 00015000 08:05 3154210                    /usr/lib64/libtdb.so.1.3.11
7f04bb78b000-7f04bb78c000 r--p 00014000 08:05 3154210                    /usr/lib64/libtdb.so.1.3.11
7f04bb78c000-7f04bb78d000 rw-p 00015000 08:05 3154210                    /usr/lib64/libtdb.so.1.3.11
7f04bb78d000-7f04bb794000 r-xp 00000000 08:05 3155573                    /usr/lib64/libvorbisfile.so.3.3.6
7f04bb794000-7f04bb994000 ---p 00007000 08:05 3155573                    /usr/lib64/libvorbisfile.so.3.3.6
7f04bb994000-7f04bb995000 r--p 00007000 08:05 3155573                    /usr/lib64/libvorbisfile.so.3.3.6
7f04bb995000-7f04bb996000 rw-p 00000000 00:00 0 
7f04bb996000-7f04bb9a7000 r-xp 00000000 08:05 3154771                    /usr/lib64/libcanberra.so.0.2.5
7f04bb9a7000-7f04bbba6000 ---p 00011000 08:05 3154771                    /usr/lib64/libcanberra.so.0.2.5
7f04bbba6000-7f04bbba7000 r--p 00010000 08:05 3154771                    /usr/lib64/libcanberra.so.0.2.5
7f04bbba7000-7f04bbba8000 rw-p 00011000 08:05 3154771                    /usr/lib64/libcanberra.so.0.2.5
7f04bbba8000-7f04bbbac000 r-xp 00000000 08:05 3154769                    /usr/lib64/libcanberra-gtk.so.0.1.9
7f04bbbac000-7f04bbdab000 ---p 00004000 08:05 3154769                    /usr/lib64/libcanberra-gtk.so.0.1.9
7f04bbdab000-7f04bbdac000 r--p 00003000 08:05 3154769                    /usr/lib64/libcanberra-gtk.so.0.1.9
7f04bbdac000-7f04bbdad000 rw-p 00000000 00:00 0 
7f04bbdad000-7f04bbdb2000 r-xp 00000000 08:05 265462                     /usr/lib64/gtk-2.0/modules/libcanberra-gtk-module.so
7f04bbdb2000-7f04bbfb2000 ---p 00005000 08:05 265462                     /usr/lib64/gtk-2.0/modules/libcanberra-gtk-module.so
7f04bbfb2000-7f04bbfb3000 r--p 00005000 08:05 265462                     /usr/lib64/gtk-2.0/modules/libcanberra-gtk-module.so
7f04bbfb3000-7f04bbfb4000 rw-p 00000000 00:00 0 
7f04bbfb4000-7f04bbfb5000 r-xp 00000000 08:05 263643                     /usr/lib64/gtk-2.0/modules/libpk-gtk-module.so
7f04bbfb5000-7f04bc1b4000 ---p 00001000 08:05 263643                     /usr/lib64/gtk-2.0/modules/libpk-gtk-module.so
7f04bc1b4000-7f04bc1b5000 r--p 00000000 08:05 263643                     /usr/lib64/gtk-2.0/modules/libpk-gtk-module.so
7f04bc1b5000-7f04bc1b6000 rw-p 00000000 00:00 0 
7f04bc1b6000-7f04bc1c0000 r-xp 00000000 08:05 264989                     /usr/lib64/gtk-2.0/2.10.0/engines/libpixmap.so
7f04bc1c0000-7f04bc3bf000 ---p 0000a000 08:05 264989                     /usr/lib64/gtk-2.0/2.10.0/engines/libpixmap.so
7f04bc3bf000-7f04bc3c0000 r--p 00009000 08:05 264989                     /usr/lib64/gtk-2.0/2.10.0/engines/libpixmap.so
7f04bc3c0000-7f04bc3c1000 rw-p 00000000 00:00 0 
7f04bc3c1000-7f04bc3c3000 r-xp 00000000 08:05 269302                     /usr/lib64/gtk-2.0/2.10.0/engines/libadwaita.so
7f04bc3c3000-7f04bc5c3000 ---p 00002000 08:05 269302                     /usr/lib64/gtk-2.0/2.10.0/engines/libadwaita.so
7f04bc5c3000-7f04bc5c4000 r--p 00002000 08:05 269302                     /usr/lib64/gtk-2.0/2.10.0/engines/libadwaita.so
7f04bc5c4000-7f04bc5c5000 rw-p 00000000 00:00 0 
7f04bc5c5000-7f04bc5ee000 r-xp 00000000 08:05 271795                     /usr/java/jdk1.8.0_112/jre/lib/amd64/libglass.so
7f04bc5ee000-7f04bc7ed000 ---p 00029000 08:05 271795                     /usr/java/jdk1.8.0_112/jre/lib/amd64/libglass.so
7f04bc7ed000-7f04bc7f0000 rw-p 00028000 08:05 271795                     /usr/java/jdk1.8.0_112/jre/lib/amd64/libglass.so
7f04bc7f0000-7f04bc7f8000 r-xp 00000000 08:05 3155324                    /usr/lib64/libpciaccess.so.0.11.1
7f04bc7f8000-7f04bc9f8000 ---p 00008000 08:05 3155324                    /usr/lib64/libpciaccess.so.0.11.1
7f04bc9f8000-7f04bc9f9000 r--p 00008000 08:05 3155324                    /usr/lib64/libpciaccess.so.0.11.1
7f04bc9f9000-7f04bc9fa000 rw-p 00000000 00:00 0 
7f04bc9fa000-7f04bca05000 r-xp 00000000 08:05 3156795                    /usr/lib64/libdrm_radeon.so.1.0.1
7f04bca05000-7f04bcc04000 ---p 0000b000 08:05 3156795                    /usr/lib64/libdrm_radeon.so.1.0.1
7f04bcc04000-7f04bcc05000 r--p 0000a000 08:05 3156795                    /usr/lib64/libdrm_radeon.so.1.0.1
7f04bcc05000-7f04bcc06000 rw-p 00000000 00:00 0 
7f04bcc06000-7f04bcc0d000 r-xp 00000000 08:05 3156794                    /usr/lib64/libdrm_nouveau.so.2.0.0
7f04bcc0d000-7f04bce0c000 ---p 00007000 08:05 3156794                    /usr/lib64/libdrm_nouveau.so.2.0.0
7f04bce0c000-7f04bce0d000 r--p 00006000 08:05 3156794                    /usr/lib64/libdrm_nouveau.so.2.0.0
7f04bce0d000-7f04bce0e000 rw-p 00000000 00:00 0 
7f04bce0e000-7f04bce30000 r-xp 00000000 08:05 3156793                    /usr/lib64/libdrm_intel.so.1.0.0
7f04bce30000-7f04bd02f000 ---p 00022000 08:05 3156793                    /usr/lib64/libdrm_intel.so.1.0.0
7f04bd02f000-7f04bd030000 r--p 00021000 08:05 3156793                    /usr/lib64/libdrm_intel.so.1.0.0
7f04bd030000-7f04bd031000 rw-p 00022000 08:05 3156793                    /usr/lib64/libdrm_intel.so.1.0.0
7f04bd031000-7f04bd70e000 r-xp 00000000 08:05 264428                     /usr/lib64/dri/i965_dri.so
7f04bd70e000-7f04bd90d000 ---p 006dd000 08:05 264428                     /usr/lib64/dri/i965_dri.so
7f04bd90d000-7f04bd94e000 r--p 006dc000 08:05 264428                     /usr/lib64/dri/i965_dri.so
7f04bd94e000-7f04bd955000 rw-p 0071d000 08:05 264428                     /usr/lib64/dri/i965_dri.so
7f04bd955000-7f04bd95d000 rw-p 00000000 00:00 0 
7f04bd95d000-7f04bd961000 r-xp 00000000 08:05 3153540                    /usr/lib64/libcap.so.2.25
7f04bd961000-7f04bdb60000 ---p 00004000 08:05 3153540                    /usr/lib64/libcap.so.2.25
7f04bdb60000-7f04bdb61000 r--p 00003000 08:05 3153540                    /usr/lib64/libcap.so.2.25
7f04bdb61000-7f04bdb62000 rw-p 00004000 08:05 3153540                    /usr/lib64/libcap.so.2.25
7f04bdb62000-7f04bdb64000 r-xp 00000000 08:05 3154658                    /usr/lib64/libXau.so.6.0.0
7f04bdb64000-7f04bdd64000 ---p 00002000 08:05 3154658                    /usr/lib64/libXau.so.6.0.0
7f04bdd64000-7f04bdd65000 r--p 00002000 08:05 3154658                    /usr/lib64/libXau.so.6.0.0
7f04bdd65000-7f04bdd66000 rw-p 00000000 00:00 0 
7f04bdd66000-7f04bdd76000 r-xp 00000000 08:05 3154302                    /usr/lib64/libwayland-server.so.0.1.0
7f04bdd76000-7f04bdf76000 ---p 00010000 08:05 3154302                    /usr/lib64/libwayland-server.so.0.1.0
7f04bdf76000-7f04bdf78000 r--p 00010000 08:05 3154302                    /usr/lib64/libwayland-server.so.0.1.0
7f04bdf78000-7f04bdf79000 rw-p 00012000 08:05 3154302                    /usr/lib64/libwayland-server.so.0.1.0
7f04bdf79000-7f04bdf85000 r-xp 00000000 08:05 3154299                    /usr/lib64/libwayland-client.so.0.3.0
7f04bdf85000-7f04be185000 ---p 0000c000 08:05 3154299                    /usr/lib64/libwayland-client.so.0.3.0
7f04be185000-7f04be187000 r--p 0000c000 08:05 3154299                    /usr/lib64/libwayland-client.so.0.3.0
7f04be187000-7f04be188000 rw-p 0000e000 08:05 3154299                    /usr/lib64/libwayland-client.so.0.3.0
7f04be188000-7f04be194000 r-xp 00000000 08:05 3156797                    /usr/lib64/libgbm.so.1.0.0
7f04be194000-7f04be394000 ---p 0000c000 08:05 3156797                    /usr/lib64/libgbm.so.1.0.0
7f04be394000-7f04be395000 r--p 0000c000 08:05 3156797                    /usr/lib64/libgbm.so.1.0.0
7f04be395000-7f04be396000 rw-p 0000d000 08:05 3156797                    /usr/lib64/libgbm.so.1.0.0
7f04be396000-7f04be39d000 r-xp 00000000 08:05 3154347                    /usr/lib64/libxcb-xfixes.so.0.0.0
7f04be39d000-7f04be59c000 ---p 00007000 08:05 3154347                    /usr/lib64/libxcb-xfixes.so.0.0.0
7f04be59c000-7f04be59d000 r--p 00006000 08:05 3154347                    /usr/lib64/libxcb-xfixes.so.0.0.0
7f04be59d000-7f04be59e000 rw-p 00007000 08:05 3154347                    /usr/lib64/libxcb-xfixes.so.0.0.0
7f04be59e000-7f04be5c7000 r-xp 00000000 08:05 3153774                    /usr/lib64/libgraphite2.so.3.0.1
7f04be5c7000-7f04be7c7000 ---p 00029000 08:05 3153774                    /usr/lib64/libgraphite2.so.3.0.1
7f04be7c7000-7f04be7c9000 r--p 00029000 08:05 3153774                    /usr/lib64/libgraphite2.so.3.0.1
7f04be7c9000-7f04be7ca000 rw-p 00000000 00:00 0 
7f04be7ca000-7f04be7d0000 r-xp 00000000 08:05 3153601                    /usr/lib64/libdatrie.so.1.3.2
7f04be7d0000-7f04be9d0000 ---p 00006000 08:05 3153601                    /usr/lib64/libdatrie.so.1.3.2
7f04be9d0000-7f04be9d1000 r--p 00006000 08:05 3153601                    /usr/lib64/libdatrie.so.1.3.2
7f04be9d1000-7f04be9d2000 rw-p 00000000 00:00 0 
7f04be9d2000-7f04be9d6000 r-xp 00000000 08:05 3156541                    /usr/lib64/libuuid.so.1.3.0
7f04be9d6000-7f04bebd5000 ---p 00004000 08:05 3156541                    /usr/lib64/libuuid.so.1.3.0
7f04bebd5000-7f04bebd6000 r--p 00003000 08:05 3156541                    /usr/lib64/libuuid.so.1.3.0
7f04bebd6000-7f04bebd7000 rw-p 00000000 00:00 0 
7f04bebd7000-7f04bec14000 r-xp 00000000 08:05 3155367                    /usr/lib64/libblkid.so.1.1.0
7f04bec14000-7f04bee14000 ---p 0003d000 08:05 3155367                    /usr/lib64/libblkid.so.1.1.0
7f04bee14000-7f04bee18000 r--p 0003d000 08:05 3155367                    /usr/lib64/libblkid.so.1.1.0
7f04bee18000-7f04bee19000 rw-p 00041000 08:05 3155367                    /usr/lib64/libblkid.so.1.1.0
7f04bee19000-7f04bee1a000 rw-p 00000000 00:00 0 
7f04bee1a000-7f04bee28000 r-xp 00000000 08:05 3146204                    /usr/lib64/libdrm.so.2.4.0
7f04bee28000-7f04bf027000 ---p 0000e000 08:05 3146204                    /usr/lib64/libdrm.so.2.4.0
7f04bf027000-7f04bf028000 r--p 0000d000 08:05 3146204                    /usr/lib64/libdrm.so.2.4.0
7f04bf028000-7f04bf029000 rw-p 00000000 00:00 0 
7f04bf029000-7f04bf02d000 r-xp 00000000 08:05 3154327                    /usr/lib64/libxcb-dri2.so.0.0.0
7f04bf02d000-7f04bf22c000 ---p 00004000 08:05 3154327                    /usr/lib64/libxcb-dri2.so.0.0.0
7f04bf22c000-7f04bf22d000 r--p 00003000 08:05 3154327                    /usr/lib64/libxcb-dri2.so.0.0.0
7f04bf22d000-7f04bf22e000 rw-p 00004000 08:05 3154327                    /usr/lib64/libxcb-dri2.so.0.0.0
7f04bf22e000-7f04bf246000 r-xp 00000000 08:05 3154330                    /usr/lib64/libxcb-glx.so.0.0.0
7f04bf246000-7f04bf446000 ---p 00018000 08:05 3154330                    /usr/lib64/libxcb-glx.so.0.0.0
7f04bf446000-7f04bf448000 r--p 00018000 08:05 3154330                    /usr/lib64/libxcb-glx.so.0.0.0
7f04bf448000-7f04bf449000 rw-p 0001a000 08:05 3154330                    /usr/lib64/libxcb-glx.so.0.0.0
7f04bf449000-7f04bf44a000 r-xp 00000000 08:05 3153432                    /usr/lib64/libX11-xcb.so.1.0.0
7f04bf44a000-7f04bf649000 ---p 00001000 08:05 3153432                    /usr/lib64/libX11-xcb.so.1.0.0
7f04bf649000-7f04bf64a000 r--p 00000000 08:05 3153432                    /usr/lib64/libX11-xcb.so.1.0.0
7f04bf64a000-7f04bf64b000 rw-p 00000000 00:00 0 
7f04bf64b000-7f04bf675000 r-xp 00000000 08:05 3156404                    /usr/lib64/libglapi.so.0.0.0
7f04bf675000-7f04bf874000 ---p 0002a000 08:05 3156404                    /usr/lib64/libglapi.so.0.0.0
7f04bf874000-7f04bf878000 r--p 00029000 08:05 3156404                    /usr/lib64/libglapi.so.0.0.0
7f04bf878000-7f04bf879000 rw-p 0002d000 08:05 3156404                    /usr/lib64/libglapi.so.0.0.0
7f04bf879000-7f04bf87a000 rw-p 00000000 00:00 0 
7f04bf87a000-7f04bf87b000 r-xp 00000000 08:05 3155661                    /usr/lib64/libxshmfence.so.1.0.0
7f04bf87b000-7f04bfa7b000 ---p 00001000 08:05 3155661                    /usr/lib64/libxshmfence.so.1.0.0
7f04bfa7b000-7f04bfa7c000 r--p 00001000 08:05 3155661                    /usr/lib64/libxshmfence.so.1.0.0
7f04bfa7c000-7f04bfa7d000 rw-p 00000000 00:00 0 
7f04bfa7d000-7f04bfa83000 r-xp 00000000 08:05 3154343                    /usr/lib64/libxcb-sync.so.1.0.0
7f04bfa83000-7f04bfc82000 ---p 00006000 08:05 3154343                    /usr/lib64/libxcb-sync.so.1.0.0
7f04bfc82000-7f04bfc83000 r--p 00005000 08:05 3154343                    /usr/lib64/libxcb-sync.so.1.0.0
7f04bfc83000-7f04bfc84000 rw-p 00006000 08:05 3154343                    /usr/lib64/libxcb-sync.so.1.0.0
7f04bfc84000-7f04bfc86000 r-xp 00000000 08:05 3154334                    /usr/lib64/libxcb-present.so.0.0.0
7f04bfc86000-7f04bfe85000 ---p 00002000 08:05 3154334                    /usr/lib64/libxcb-present.so.0.0.0
7f04bfe85000-7f04bfe86000 r--p 00001000 08:05 3154334                    /usr/lib64/libxcb-present.so.0.0.0
7f04bfe86000-7f04bfe87000 rw-p 00002000 08:05 3154334                    /usr/lib64/libxcb-present.so.0.0.0
7f04bfe87000-7f04bfe89000 r-xp 00000000 08:05 3154328                    /usr/lib64/libxcb-dri3.so.0.0.0
7f04bfe89000-7f04c0088000 ---p 00002000 08:05 3154328                    /usr/lib64/libxcb-dri3.so.0.0.0
7f04c0088000-7f04c0089000 r--p 00001000 08:05 3154328                    /usr/lib64/libxcb-dri3.so.0.0.0
7f04c0089000-7f04c008a000 rw-p 00002000 08:05 3154328                    /usr/lib64/libxcb-dri3.so.0.0.0
7f04c008a000-7f04c00b1000 r-xp 00000000 08:05 3147323                    /usr/lib64/libexpat.so.1.6.2
7f04c00b1000-7f04c02b0000 ---p 00027000 08:05 3147323                    /usr/lib64/libexpat.so.1.6.2
7f04c02b0000-7f04c02b3000 r--p 00026000 08:05 3147323                    /usr/lib64/libexpat.so.1.6.2
7f04c02b3000-7f04c02b4000 rw-p 00000000 00:00 0 
7f04c02b4000-7f04c02c3000 r-xp 00000000 08:05 3154759                    /usr/lib64/libbz2.so.1.0.6
7f04c02c3000-7f04c04c2000 ---p 0000f000 08:05 3154759                    /usr/lib64/libbz2.so.1.0.6
7f04c04c2000-7f04c04c3000 r--p 0000e000 08:05 3154759                    /usr/lib64/libbz2.so.1.0.6
7f04c04c3000-7f04c04c4000 rw-p 0000f000 08:05 3154759                    /usr/lib64/libbz2.so.1.0.6
7f04c04c4000-7f04c04d0000 r-xp 00000000 08:05 3154338                    /usr/lib64/libxcb-render.so.0.0.0
7f04c04d0000-7f04c06d0000 ---p 0000c000 08:05 3154338                    /usr/lib64/libxcb-render.so.0.0.0
7f04c06d0000-7f04c06d1000 r--p 0000c000 08:05 3154338                    /usr/lib64/libxcb-render.so.0.0.0
7f04c06d1000-7f04c06d2000 rw-p 0000d000 08:05 3154338                    /usr/lib64/libxcb-render.so.0.0.0
7f04c06d2000-7f04c06f9000 r-xp 00000000 08:05 3154355                    /usr/lib64/libxcb.so.1.1.0
7f04c06f9000-7f04c08f8000 ---p 00027000 08:05 3154355                    /usr/lib64/libxcb.so.1.1.0
7f04c08f8000-7f04c08f9000 r--p 00026000 08:05 3154355                    /usr/lib64/libxcb.so.1.1.0
7f04c08f9000-7f04c08fa000 rw-p 00027000 08:05 3154355                    /usr/lib64/libxcb.so.1.1.0
7f04c08fa000-7f04c08fc000 r-xp 00000000 08:05 3154342                    /usr/lib64/libxcb-shm.so.0.0.0
7f04c08fc000-7f04c0afc000 ---p 00002000 08:05 3154342                    /usr/lib64/libxcb-shm.so.0.0.0
7f04c0afc000-7f04c0afd000 r--p 00002000 08:05 3154342                    /usr/lib64/libxcb-shm.so.0.0.0
7f04c0afd000-7f04c0afe000 rw-p 00003000 08:05 3154342                    /usr/lib64/libxcb-shm.so.0.0.0
7f04c0afe000-7f04c0b2e000 r-xp 00000000 08:05 3156800                    /usr/lib64/libEGL.so.1.0.0
7f04c0b2e000-7f04c0d2d000 ---p 00030000 08:05 3156800                    /usr/lib64/libEGL.so.1.0.0
7f04c0d2d000-7f04c0d2f000 r--p 0002f000 08:05 3156800                    /usr/lib64/libEGL.so.1.0.0
7f04c0d2f000-7f04c0d30000 rw-p 00031000 08:05 3156800                    /usr/lib64/libEGL.so.1.0.0
7f04c0d30000-7f04c0dd1000 r-xp 00000000 08:05 3155338                    /usr/lib64/libpixman-1.so.0.34.0
7f04c0dd1000-7f04c0fd0000 ---p 000a1000 08:05 3155338                    /usr/lib64/libpixman-1.so.0.34.0
7f04c0fd0000-7f04c0fd8000 r--p 000a0000 08:05 3155338                    /usr/lib64/libpixman-1.so.0.34.0
7f04c0fd8000-7f04c0fd9000 rw-p 000a8000 08:05 3155338                    /usr/lib64/libpixman-1.so.0.34.0
7f04c0fd9000-7f04c100a000 r-xp 00000000 08:05 3156547                    /usr/lib64/libpng16.so.16.26.0
7f04c100a000-7f04c120a000 ---p 00031000 08:05 3156547                    /usr/lib64/libpng16.so.16.26.0
7f04c120a000-7f04c120b000 r--p 00031000 08:05 3156547                    /usr/lib64/libpng16.so.16.26.0
7f04c120b000-7f04c120c000 rw-p 00000000 00:00 0 
7f04c120c000-7f04c126d000 r-xp 00000000 08:05 3153846                    /usr/lib64/libharfbuzz.so.0.10302.0
7f04c126d000-7f04c146d000 ---p 00061000 08:05 3153846                    /usr/lib64/libharfbuzz.so.0.10302.0
7f04c146d000-7f04c146f000 r--p 00061000 08:05 3153846                    /usr/lib64/libharfbuzz.so.0.10302.0
7f04c146f000-7f04c1470000 rw-p 00063000 08:05 3153846                    /usr/lib64/libharfbuzz.so.0.10302.0
7f04c1470000-7f04c1478000 r-xp 00000000 08:05 3154218                    /usr/lib64/libthai.so.0.3.0
7f04c1478000-7f04c1678000 ---p 00008000 08:05 3154218                    /usr/lib64/libthai.so.0.3.0
7f04c1678000-7f04c1679000 r--p 00008000 08:05 3154218                    /usr/lib64/libthai.so.0.3.0
7f04c1679000-7f04c167a000 rw-p 00009000 08:05 3154218                    /usr/lib64/libthai.so.0.3.0
7f04c167a000-7f04c16c1000 r-xp 00000000 08:05 3155239                    /usr/lib64/libmount.so.1.1.0
7f04c16c1000-7f04c18c0000 ---p 00047000 08:05 3155239                    /usr/lib64/libmount.so.1.1.0
7f04c18c0000-7f04c18c2000 r--p 00046000 08:05 3155239                    /usr/lib64/libmount.so.1.1.0
7f04c18c2000-7f04c18c3000 rw-p 00048000 08:05 3155239                    /usr/lib64/libmount.so.1.1.0
7f04c18c3000-7f04c18c4000 rw-p 00000000 00:00 0 
7f04c18c4000-7f04c18db000 r-xp 00000000 08:05 3156517                    /usr/lib64/libresolv-2.24.so
7f04c18db000-7f04c1adb000 ---p 00017000 08:05 3156517                    /usr/lib64/libresolv-2.24.so
7f04c1adb000-7f04c1adc000 r--p 00017000 08:05 3156517                    /usr/lib64/libresolv-2.24.so
7f04c1adc000-7f04c1add000 rw-p 00018000 08:05 3156517                    /usr/lib64/libresolv-2.24.so
7f04c1add000-7f04c1adf000 rw-p 00000000 00:00 0 
7f04c1adf000-7f04c1b02000 r-xp 00000000 08:05 3154682                    /usr/lib64/libselinux.so.1
7f04c1b02000-7f04c1d02000 ---p 00023000 08:05 3154682                    /usr/lib64/libselinux.so.1
7f04c1d02000-7f04c1d03000 r--p 00023000 08:05 3154682                    /usr/lib64/libselinux.so.1
7f04c1d03000-7f04c1d04000 rw-p 00024000 08:05 3154682                    /usr/lib64/libselinux.so.1
7f04c1d04000-7f04c1d06000 rw-p 00000000 00:00 0 
7f04c1d06000-7f04c1d1b000 r-xp 00000000 08:05 3155666                    /usr/lib64/libz.so.1.2.8
7f04c1d1b000-7f04c1f1a000 ---p 00015000 08:05 3155666                    /usr/lib64/libz.so.1.2.8
7f04c1f1a000-7f04c1f1b000 r--p 00014000 08:05 3155666                    /usr/lib64/libz.so.1.2.8
7f04c1f1b000-7f04c1f1c000 rw-p 00015000 08:05 3155666                    /usr/lib64/libz.so.1.2.8
7f04c1f1c000-7f04c1f8e000 r-xp 00000000 08:05 3147269                    /usr/lib64/libpcre.so.1.2.7
7f04c1f8e000-7f04c218d000 ---p 00072000 08:05 3147269                    /usr/lib64/libpcre.so.1.2.7
7f04c218d000-7f04c218e000 r--p 00071000 08:05 3147269                    /usr/lib64/libpcre.so.1.2.7
7f04c218e000-7f04c218f000 rw-p 00072000 08:05 3147269                    /usr/lib64/libpcre.so.1.2.7
7f04c218f000-7f04c2196000 r-xp 00000000 08:05 3154912                    /usr/lib64/libffi.so.6.0.2
7f04c2196000-7f04c2395000 ---p 00007000 08:05 3154912                    /usr/lib64/libffi.so.6.0.2
7f04c2395000-7f04c2396000 r--p 00006000 08:05 3154912                    /usr/lib64/libffi.so.6.0.2
7f04c2396000-7f04c2397000 rw-p 00007000 08:05 3154912                    /usr/lib64/libffi.so.6.0.2
7f04c2397000-7f04c23a8000 r-xp 00000000 08:05 3154663                    /usr/lib64/libXext.so.6.4.0
7f04c23a8000-7f04c25a7000 ---p 00011000 08:05 3154663                    /usr/lib64/libXext.so.6.4.0
7f04c25a7000-7f04c25a8000 r--p 00010000 08:05 3154663                    /usr/lib64/libXext.so.6.4.0
7f04c25a8000-7f04c25a9000 rw-p 00011000 08:05 3154663                    /usr/lib64/libXext.so.6.4.0
7f04c25a9000-7f04c25ab000 r-xp 00000000 08:05 3154661                    /usr/lib64/libXdamage.so.1.1.0
7f04c25ab000-7f04c27aa000 ---p 00002000 08:05 3154661                    /usr/lib64/libXdamage.so.1.1.0
7f04c27aa000-7f04c27ab000 r--p 00001000 08:05 3154661                    /usr/lib64/libXdamage.so.1.1.0
7f04c27ab000-7f04c27ac000 rw-p 00000000 00:00 0 
7f04c27ac000-7f04c27ae000 r-xp 00000000 08:05 3154659                    /usr/lib64/libXcomposite.so.1.0.0
7f04c27ae000-7f04c29ad000 ---p 00002000 08:05 3154659                    /usr/lib64/libXcomposite.so.1.0.0
7f04c29ad000-7f04c29ae000 r--p 00001000 08:05 3154659                    /usr/lib64/libXcomposite.so.1.0.0
7f04c29ae000-7f04c29af000 rw-p 00000000 00:00 0 
7f04c29af000-7f04c29b8000 r-xp 00000000 08:05 3154660                    /usr/lib64/libXcursor.so.1.0.2
7f04c29b8000-7f04c2bb8000 ---p 00009000 08:05 3154660                    /usr/lib64/libXcursor.so.1.0.2
7f04c2bb8000-7f04c2bb9000 r--p 00009000 08:05 3154660                    /usr/lib64/libXcursor.so.1.0.2
7f04c2bb9000-7f04c2bba000 rw-p 00000000 00:00 0 
7f04c2bba000-7f04c2bc4000 r-xp 00000000 08:05 3156571                    /usr/lib64/libXrandr.so.2.2.0
7f04c2bc4000-7f04c2dc3000 ---p 0000a000 08:05 3156571                    /usr/lib64/libXrandr.so.2.2.0
7f04c2dc3000-7f04c2dc4000 r--p 00009000 08:05 3156571                    /usr/lib64/libXrandr.so.2.2.0
7f04c2dc4000-7f04c2dc5000 rw-p 0000a000 08:05 3156571                    /usr/lib64/libXrandr.so.2.2.0
7f04c2dc5000-7f04c2dd4000 r-xp 00000000 08:05 3155334                    /usr/lib64/libXi.so.6.1.0
7f04c2dd4000-7f04c2fd3000 ---p 0000f000 08:05 3155334                    /usr/lib64/libXi.so.6.1.0
7f04c2fd3000-7f04c2fd4000 r--p 0000e000 08:05 3155334                    /usr/lib64/libXi.so.6.1.0
7f04c2fd4000-7f04c2fd5000 rw-p 0000f000 08:05 3155334                    /usr/lib64/libXi.so.6.1.0
7f04c2fd5000-7f04c2fd7000 r-xp 00000000 08:05 3154668                    /usr/lib64/libXinerama.so.1.0.0
7f04c2fd7000-7f04c31d6000 ---p 00002000 08:05 3154668                    /usr/lib64/libXinerama.so.1.0.0
7f04c31d6000-7f04c31d7000 r--p 00001000 08:05 3154668                    /usr/lib64/libXinerama.so.1.0.0
7f04c31d7000-7f04c31d8000 rw-p 00002000 08:05 3154668                    /usr/lib64/libXinerama.so.1.0.0
7f04c31d8000-7f04c31e1000 r-xp 00000000 08:05 3155778                    /usr/lib64/libXrender.so.1.3.0
7f04c31e1000-7f04c33e0000 ---p 00009000 08:05 3155778                    /usr/lib64/libXrender.so.1.3.0
7f04c33e0000-7f04c33e1000 r--p 00008000 08:05 3155778                    /usr/lib64/libXrender.so.1.3.0
7f04c33e1000-7f04c33e2000 rw-p 00009000 08:05 3155778                    /usr/lib64/libXrender.so.1.3.0
7f04c33e2000-7f04c33e7000 r-xp 00000000 08:05 3156560                    /usr/lib64/libXfixes.so.3.1.0
7f04c33e7000-7f04c35e6000 ---p 00005000 08:05 3156560                    /usr/lib64/libXfixes.so.3.1.0
7f04c35e6000-7f04c35e7000 r--p 00004000 08:05 3156560                    /usr/lib64/libXfixes.so.3.1.0
7f04c35e7000-7f04c35e8000 rw-p 00005000 08:05 3156560                    /usr/lib64/libXfixes.so.3.1.0
7f04c35e8000-7f04c35fe000 r-xp 00000000 08:05 3157331                    /usr/lib64/libgcc_s-6.2.1-20160916.so.1
7f04c35fe000-7f04c37fd000 ---p 00016000 08:05 3157331                    /usr/lib64/libgcc_s-6.2.1-20160916.so.1
7f04c37fd000-7f04c37fe000 r--p 00015000 08:05 3157331                    /usr/lib64/libgcc_s-6.2.1-20160916.so.1
7f04c37fe000-7f04c37ff000 rw-p 00016000 08:05 3157331                    /usr/lib64/libgcc_s-6.2.1-20160916.so.1
7f04c37ff000-7f04c3977000 r-xp 00000000 08:05 3156194                    /usr/lib64/libstdc++.so.6.0.22
7f04c3977000-7f04c3b77000 ---p 00178000 08:05 3156194                    /usr/lib64/libstdc++.so.6.0.22
7f04c3b77000-7f04c3b81000 r--p 00178000 08:05 3156194                    /usr/lib64/libstdc++.so.6.0.22
7f04c3b81000-7f04c3b83000 rw-p 00182000 08:05 3156194                    /usr/lib64/libstdc++.so.6.0.22
7f04c3b83000-7f04c3b87000 rw-p 00000000 00:00 0 
7f04c3b87000-7f04c3bf7000 r-xp 00000000 08:05 3155154                    /usr/lib64/libGL.so.1.2.0
7f04c3bf7000-7f04c3df6000 ---p 00070000 08:05 3155154                    /usr/lib64/libGL.so.1.2.0
7f04c3df6000-7f04c3df9000 r--p 0006f000 08:05 3155154                    /usr/lib64/libGL.so.1.2.0
7f04c3df9000-7f04c3dfa000 rw-p 00072000 08:05 3155154                    /usr/lib64/libGL.so.1.2.0
7f04c3dfa000-7f04c3dff000 r-xp 00000000 08:05 3154681                    /usr/lib64/libXxf86vm.so.1.0.0
7f04c3dff000-7f04c3ffe000 ---p 00005000 08:05 3154681                    /usr/lib64/libXxf86vm.so.1.0.0
7f04c3ffe000-7f04c3fff000 r--p 00004000 08:05 3154681                    /usr/lib64/libXxf86vm.so.1.0.0
7f04c3fff000-7f04c4000000 rw-p 00005000 08:05 3154681                    /usr/lib64/libXxf86vm.so.1.0.0
7f04c4000000-7f04c4295000 rw-p 00000000 00:00 0 
7f04c4295000-7f04c8000000 ---p 00000000 00:00 0 
7f04c8000000-7f04cb2e0000 rw-p 00000000 00:00 0 
7f04cb2e0000-7f04cc000000 ---p 00000000 00:00 0 
7f04cc000000-7f04cc021000 rw-p 00000000 00:00 0 
7f04cc021000-7f04d0000000 ---p 00000000 00:00 0 
7f04d0000000-7f04d0021000 rw-p 00000000 00:00 0 
7f04d0021000-7f04d4000000 ---p 00000000 00:00 0 
7f04d4000000-7f04d4f4f000 rw-p 00000000 00:00 0 
7f04d4f4f000-7f04d8000000 ---p 00000000 00:00 0 
7f04d8000000-7f04d8021000 rw-p 00000000 00:00 0 
7f04d8021000-7f04dc000000 ---p 00000000 00:00 0 
7f04dc000000-7f04ddcb0000 rw-p 00000000 00:00 0 
7f04ddcb0000-7f04e0000000 ---p 00000000 00:00 0 
7f04e0000000-7f04e1b50000 rw-p 00000000 00:00 0 
7f04e1b50000-7f04e4000000 ---p 00000000 00:00 0 
7f04e4000000-7f04e4021000 rw-p 00000000 00:00 0 
7f04e4021000-7f04e8000000 ---p 00000000 00:00 0 
7f04e8000000-7f04e8001000 rw-s 10abe2000 00:06 1732                      /dev/dri/card0
7f04e8001000-7f04e8002000 rw-s 00000000 00:05 187180                     /drm mm object (deleted)
7f04e8002000-7f04e8004000 rw-s 10a80f000 00:06 1732                      /dev/dri/card0
7f04e8004000-7f04e8006000 r--s 00000000 08:05 1446159                    /var/cache/fontconfig/87f5e051180a7a75f16eb6fe7dbd3749-le64.cache-7
7f04e8006000-7f04e8008000 r--s 00000000 08:05 1446232                    /var/cache/fontconfig/2e1514a9fdd499050989183bb65136db-le64.cache-7
7f04e8008000-7f04e800a000 r--s 00000000 08:05 1446231                    /var/cache/fontconfig/3f821257dd33660ba7bbb45c32deb84c-le64.cache-7
7f04e800a000-7f04e800b000 r--s 00000000 08:05 1446230                    /var/cache/fontconfig/4e602040080c966cb821813a3e584564-le64.cache-7
7f04e800b000-7f04e800e000 r--s 00000000 08:05 1446226                    /var/cache/fontconfig/830f035fa84a65ce80e050178dbb630d-le64.cache-7
7f04e800e000-7f04e800f000 r--s 00000000 08:05 1446225                    /var/cache/fontconfig/81a173283b451552b599cfaafd6236bd-le64.cache-7
7f04e800f000-7f04e8011000 r--s 00000000 08:05 1446224                    /var/cache/fontconfig/ac68f755438cc3dc5a526084839fc7ca-le64.cache-7
7f04e8011000-7f04e8012000 r--s 00000000 08:05 1446223                    /var/cache/fontconfig/f951a6bc01c50d58ac4af16a0108457e-le64.cache-7
7f04e8012000-7f04e8013000 r--s 00000000 08:05 1446217                    /var/cache/fontconfig/8cab66d8f642305e525ba3e322d0979c-le64.cache-7
7f04e8013000-7f04e8014000 r--s 00000000 08:05 1446216                    /var/cache/fontconfig/12513961c6e7090f8648812f9eaf65d6-le64.cache-7
7f04e8014000-7f04e8017000 r--s 00000000 08:05 1446214                    /var/cache/fontconfig/e26bf336397aae6fcef4d3803472adec-le64.cache-7
7f04e8017000-7f04e8018000 r--s 00000000 08:05 1446211                    /var/cache/fontconfig/f132fa2327207a6ac3298c0518879731-le64.cache-7
7f04e8018000-7f04e8019000 r--s 00000000 08:05 1446646                    /var/cache/fontconfig/6fcb01a03a016cc71057b587cdea6709-le64.cache-7
7f04e8019000-7f04e801d000 r--s 00000000 08:05 1446209                    /var/cache/fontconfig/8aa05f52519ebacbdf5713e01a6153b0-le64.cache-7
7f04e801d000-7f04e801e000 r--s 00000000 08:05 1446205                    /var/cache/fontconfig/b887eea8f1b96e1d899b44ed6681fc27-le64.cache-7
7f04e801e000-7f04e801f000 r--s 00000000 08:05 1446204                    /var/cache/fontconfig/860639f272b8b4b3094f9e399e41bccd-le64.cache-7
7f04e801f000-7f04e8020000 r--s 00000000 08:05 1446203                    /var/cache/fontconfig/5d33f04e74a97395cf88bbd83847f1f1-le64.cache-7
7f04e8020000-7f04e8021000 r--s 00000000 08:05 1446200                    /var/cache/fontconfig/df893b4576ad6107f9397134092c4059-le64.cache-7
7f04e8021000-7f04e8022000 r--s 00000000 08:05 1446196                    /var/cache/fontconfig/1e1e03b57ed9f0c723c5aeafda46c3fb-le64.cache-7
7f04e8022000-7f04e8023000 r--s 00000000 08:05 1446195                    /var/cache/fontconfig/900402270e15d763a6e008bb2d4c7686-le64.cache-7
7f04e8023000-7f04e8024000 r--s 00000000 08:05 1446194                    /var/cache/fontconfig/47f48679023f44a4d1e44699a69464f6-le64.cache-7
7f04e8024000-7f04e8025000 r--s 00000000 08:05 1446189                    /var/cache/fontconfig/2881ed3fd21ca306ddad6f9b0dd3189f-le64.cache-7
7f04e8025000-7f04e8026000 r--s 00000000 08:05 1446186                    /var/cache/fontconfig/3c3fb04d32a5211b073874b125d29701-le64.cache-7
7f04e8026000-7f04e8046000 r--s 00000000 08:05 1453711                    /var/cache/fontconfig/02770245eac059faefae62cb0d56fbcb-le64.cache-7
7f04e8046000-7f04e8047000 r--s 00000000 08:05 1446182                    /var/cache/fontconfig/e61abf8156cc476151baa07d67337cae-le64.cache-7
7f04e8047000-7f04e804f000 r--s 00000000 08:05 1453710                    /var/cache/fontconfig/339f7971f0febd795a89052d3369f043-le64.cache-7
7f04e804f000-7f04e8054000 r--s 00000000 08:05 1446181                    /var/cache/fontconfig/b67b32625a2bb51b023d3814a918f351-le64.cache-7
7f04e8054000-7f04e8056000 r--s 00000000 08:05 1446180                    /var/cache/fontconfig/d3379abda271c4acd2ad0c01f565d0b0-le64.cache-7
7f04e8056000-7f04e8065000 r--s 00000000 08:05 1446179                    /var/cache/fontconfig/e34b99a1e22e6f7451938fb9934274e6-le64.cache-7
7f04e8065000-7f04e8066000 r--s 00000000 08:05 1446176                    /var/cache/fontconfig/b4d0b56f766d89640448751fcd18ec1e-le64.cache-7
7f04e8066000-7f04e8069000 r--s 00000000 08:05 1446175                    /var/cache/fontconfig/7ee6df7a8311986241317a58487e0145-le64.cache-7
7f04e8069000-7f04e8071000 r--s 00000000 08:05 1446174                    /var/cache/fontconfig/7b312f204090bff0956e0e66992a6837-le64.cache-7
7f04e8071000-7f04e8073000 r--s 00000000 08:05 1446170                    /var/cache/fontconfig/99a1ce9f8b6a0434aadb01d3779b0780-le64.cache-7
7f04e8073000-7f04e8075000 r--s 00000000 08:05 1446168                    /var/cache/fontconfig/f9d379b867d7c69c85310a4f24e5228f-le64.cache-7
7f04e8075000-7f04e8088000 r--s 00000000 08:05 1446165                    /var/cache/fontconfig/614d1caaa4d7914789410f6367de37ca-le64.cache-7
7f04e8088000-7f04e808a000 r--s 00000000 08:05 1453708                    /var/cache/fontconfig/faf848137f773a1feecbeea04842cd53-le64.cache-7
7f04e808a000-7f04e8095000 r--s 00000000 08:05 1446162                    /var/cache/fontconfig/12b26b760a24f8b4feb03ad48a333a72-le64.cache-7
7f04e8095000-7f04e809c000 r--s 00000000 08:05 1446150                    /var/cache/fontconfig/a116919b8bdb14ffaacd61d02e607fb8-le64.cache-7
7f04e809c000-7f04e80a1000 r--s 00000000 08:05 1446149                    /var/cache/fontconfig/a289f7e03715303a9a1b010d74c00c6a-le64.cache-7
7f04e80a1000-7f04e80a3000 r--s 00000000 08:05 1446148                    /var/cache/fontconfig/3640555adad8a8f6978400293cfce7ab-le64.cache-7
7f04e80a3000-7f04e80a7000 r--s 00000000 08:05 1446233                    /var/cache/fontconfig/beeeeb3dfe132a8a0633a017c99ce0c0-le64.cache-7
7f04e80a7000-7f04e80c6000 r-xp 00000000 08:05 3156575                    /usr/lib64/libudev.so.1.6.5
7f04e80c6000-7f04e80c7000 r--p 0001e000 08:05 3156575                    /usr/lib64/libudev.so.1.6.5
7f04e80c7000-7f04e80c8000 rw-p 0001f000 08:05 3156575                    /usr/lib64/libudev.so.1.6.5
7f04e80c8000-7f04e8200000 r-xp 00000000 08:05 3153433                    /usr/lib64/libX11.so.6.3.0
7f04e8200000-7f04e8400000 ---p 00138000 08:05 3153433                    /usr/lib64/libX11.so.6.3.0
7f04e8400000-7f04e8403000 r--p 00138000 08:05 3153433                    /usr/lib64/libX11.so.6.3.0
7f04e8403000-7f04e8407000 rw-p 0013b000 08:05 3153433                    /usr/lib64/libX11.so.6.3.0
7f04e8407000-7f04e840c000 r-xp 00000000 08:05 3156601                    /usr/lib64/libXtst.so.6.1.0
7f04e840c000-7f04e860b000 ---p 00005000 08:05 3156601                    /usr/lib64/libXtst.so.6.1.0
7f04e860b000-7f04e860c000 r--p 00004000 08:05 3156601                    /usr/lib64/libXtst.so.6.1.0
7f04e860c000-7f04e860d000 rw-p 00005000 08:05 3156601                    /usr/lib64/libXtst.so.6.1.0
7f04e860d000-7f04e871d000 r-xp 00000000 08:05 3157582                    /usr/lib64/libglib-2.0.so.0.5000.2
7f04e871d000-7f04e891d000 ---p 00110000 08:05 3157582                    /usr/lib64/libglib-2.0.so.0.5000.2
7f04e891d000-7f04e891e000 r--p 00110000 08:05 3157582                    /usr/lib64/libglib-2.0.so.0.5000.2
7f04e891e000-7f04e891f000 rw-p 00111000 08:05 3157582                    /usr/lib64/libglib-2.0.so.0.5000.2
7f04e891f000-7f04e8920000 rw-p 00000000 00:00 0 
7f04e8920000-7f04e8921000 r-xp 00000000 08:05 3157585                    /usr/lib64/libgthread-2.0.so.0.5000.2
7f04e8921000-7f04e8b20000 ---p 00001000 08:05 3157585                    /usr/lib64/libgthread-2.0.so.0.5000.2
7f04e8b20000-7f04e8b21000 r--p 00000000 08:05 3157585                    /usr/lib64/libgthread-2.0.so.0.5000.2
7f04e8b21000-7f04e8b22000 rw-p 00000000 00:00 0 
7f04e8b22000-7f04e8b25000 r-xp 00000000 08:05 3157583                    /usr/lib64/libgmodule-2.0.so.0.5000.2
7f04e8b25000-7f04e8d24000 ---p 00003000 08:05 3157583                    /usr/lib64/libgmodule-2.0.so.0.5000.2
7f04e8d24000-7f04e8d25000 r--p 00002000 08:05 3157583                    /usr/lib64/libgmodule-2.0.so.0.5000.2
7f04e8d25000-7f04e8d26000 rw-p 00003000 08:05 3157583                    /usr/lib64/libgmodule-2.0.so.0.5000.2
7f04e8d26000-7f04e8d76000 r-xp 00000000 08:05 3157584                    /usr/lib64/libgobject-2.0.so.0.5000.2
7f04e8d76000-7f04e8f76000 ---p 00050000 08:05 3157584                    /usr/lib64/libgobject-2.0.so.0.5000.2
7f04e8f76000-7f04e8f77000 r--p 00050000 08:05 3157584                    /usr/lib64/libgobject-2.0.so.0.5000.2
7f04e8f77000-7f04e8f78000 rw-p 00051000 08:05 3157584                    /usr/lib64/libgobject-2.0.so.0.5000.2
7f04e8f78000-7f04e8fb6000 r-xp 00000000 08:05 3146295                    /usr/lib64/libfontconfig.so.1.9.2
7f04e8fb6000-7f04e91b5000 ---p 0003e000 08:05 3146295                    /usr/lib64/libfontconfig.so.1.9.2
7f04e91b5000-7f04e91b7000 r--p 0003d000 08:05 3146295                    /usr/lib64/libfontconfig.so.1.9.2
7f04e91b7000-7f04e91bc000 rw-p 0003f000 08:05 3146295                    /usr/lib64/libfontconfig.so.1.9.2
7f04e91bc000-7f04e9260000 r-xp 00000000 08:05 3153696                    /usr/lib64/libfreetype.so.6.12.5
7f04e9260000-7f04e9460000 ---p 000a4000 08:05 3153696                    /usr/lib64/libfreetype.so.6.12.5
7f04e9460000-7f04e9466000 r--p 000a4000 08:05 3153696                    /usr/lib64/libfreetype.so.6.12.5
7f04e9466000-7f04e9467000 rw-p 00000000 00:00 0 
7f04e9467000-7f04f0000000 r--p 00000000 08:05 3147057                    /usr/lib/locale/locale-archive
7f04f0000000-7f04f0021000 rw-p 00000000 00:00 0 
7f04f0021000-7f04f4000000 ---p 00000000 00:00 0 
7f04f4000000-7f04f4021000 rw-p 00000000 00:00 0 
7f04f4021000-7f04f8000000 ---p 00000000 00:00 0 
7f04f8000000-7f04f8021000 rw-p 00000000 00:00 0 
7f04f8021000-7f04fc000000 ---p 00000000 00:00 0 
7f04fc000000-7f04fc032000 rw-p 00000000 00:00 0 
7f04fc032000-7f0500000000 ---p 00000000 00:00 0 
7f0500000000-7f0500021000 rw-p 00000000 00:00 0 
7f0500021000-7f0504000000 ---p 00000000 00:00 0 
7f0504000000-7f0504001000 r--s 00000000 08:05 1446166                    /var/cache/fontconfig/a0c19c2c21e758d73376b5942921cc72-le64.cache-7
7f0504007000-7f0504008000 rw-s 00000000 00:05 760339                     /drm mm object (deleted)
7f0504008000-7f0504009000 rw-s 00000000 00:05 760338                     /drm mm object (deleted)
7f0504009000-7f0504051000 r-xp 00000000 08:05 3146835                    /usr/lib64/libpango-1.0.so.0.4000.3
7f0504051000-7f0504250000 ---p 00048000 08:05 3146835                    /usr/lib64/libpango-1.0.so.0.4000.3
7f0504250000-7f0504253000 r--p 00047000 08:05 3146835                    /usr/lib64/libpango-1.0.so.0.4000.3
7f0504253000-7f0504254000 rw-p 0004a000 08:05 3146835                    /usr/lib64/libpango-1.0.so.0.4000.3
7f0504254000-7f0504376000 r-xp 00000000 08:05 3154765                    /usr/lib64/libcairo.so.2.11400.6
7f0504376000-7f0504576000 ---p 00122000 08:05 3154765                    /usr/lib64/libcairo.so.2.11400.6
7f0504576000-7f050457a000 r--p 00122000 08:05 3154765                    /usr/lib64/libcairo.so.2.11400.6
7f050457a000-7f050457b000 rw-p 00126000 08:05 3154765                    /usr/lib64/libcairo.so.2.11400.6
7f050457b000-7f050457d000